<?xml version="1.0" encoding="utf-8"?><testsuites name="pytest tests"><testsuite name="pytest" errors="0" failures="1" skipped="0" tests="20" time="10.043" timestamp="2026-03-24T18:46:22.592033+00:00" hostname="agent-env-c76b67c5-af04-4a31-8606-db0ff1fc7d4b"><testcase classname="backend.tests.test_rebrand_plans_iter9.TestHealthAndBasics" name="test_api_health" time="0.268"><failure message="assert 404 == 200&#10; +  where 404 = &lt;Response [404]&gt;.status_code">backend/tests/test_rebrand_plans_iter9.py:27: in test_api_health
    assert response.status_code == 200
E   assert 404 == 200
E    +  where 404 = &lt;Response [404]&gt;.status_code</failure></testcase><testcase classname="backend.tests.test_rebrand_plans_iter9.TestHealthAndBasics" name="test_market_live_endpoint" time="0.246" /><testcase classname="backend.tests.test_rebrand_plans_iter9.TestAuthentication" name="test_admin_login" time="0.340" /><testcase classname="backend.tests.test_rebrand_plans_iter9.TestAuthentication" name="test_test_user_login" time="0.378" /><testcase classname="backend.tests.test_rebrand_plans_iter9.TestAuthentication" name="test_register_new_user" time="0.382" /><testcase classname="backend.tests.test_rebrand_plans_iter9.TestAdminPlanEndpoints" name="test_get_all_plans_as_admin" time="0.470" /><testcase classname="backend.tests.test_rebrand_plans_iter9.TestAdminPlanEndpoints" name="test_get_all_plans_as_non_admin" time="0.726" /><testcase classname="backend.tests.test_rebrand_plans_iter9.TestAdminPlanEndpoints" name="test_assign_plan_weekly" time="0.464" /><testcase classname="backend.tests.test_rebrand_plans_iter9.TestAdminPlanEndpoints" name="test_assign_plan_monthly" time="0.470" /><testcase classname="backend.tests.test_rebrand_plans_iter9.TestAdminPlanEndpoints" name="test_assign_plan_with_custom_days" time="0.501" /><testcase classname="backend.tests.test_rebrand_plans_iter9.TestAdminPlanEndpoints" name="test_assign_plan_with_custom_hours" time="0.490" /><testcase classname="backend.tests.test_rebrand_plans_iter9.TestAdminPlanEndpoints" name="test_assign_plan_free" time="0.482" /><testcase classname="backend.tests.test_rebrand_plans_iter9.TestAdminPlanEndpoints" name="test_assign_plan_as_non_admin" time="0.455" /><testcase classname="backend.tests.test_rebrand_plans_iter9.TestAdminPlanEndpoints" name="test_assign_plan_invalid_email" time="0.510" /><testcase classname="backend.tests.test_rebrand_plans_iter9.TestUserPlanEndpoint" name="test_get_my_plan" time="0.455" /><testcase classname="backend.tests.test_rebrand_plans_iter9.TestUserPlanEndpoint" name="test_get_my_plan_unauthenticated" time="0.105" /><testcase classname="backend.tests.test_rebrand_plans_iter9.TestRevokePlan" name="test_revoke_plan_as_non_admin" time="0.456" /><testcase classname="backend.tests.test_rebrand_plans_iter9.TestAdminStats" name="test_admin_stats" time="0.464" /><testcase classname="backend.tests.test_rebrand_plans_iter9.TestChatRebrand" name="test_chat_endpoint_works" time="2.144" /><testcase classname="backend.tests.test_rebrand_plans_iter9.TestSignalStrategies" name="test_get_strategies" time="0.127" /></testsuite></testsuites>