<?xml version="1.0" encoding="utf-8"?><testsuites name="pytest tests"><testsuite name="pytest" errors="0" failures="0" skipped="0" tests="15" time="34.618" timestamp="2026-03-26T13:30:24.188122+00:00" hostname="agent-env-78db531d-ee36-4b4c-abf7-f969a65c764e"><testcase classname="backend.tests.test_iteration16_tradingview.TestTradingViewServiceHealth" name="test_tv_service_health" time="0.003" /><testcase classname="backend.tests.test_iteration16_tradingview.TestTradingViewTechnicalAnalysis" name="test_tv_ta_bitcoin_crypto" time="0.151" /><testcase classname="backend.tests.test_iteration16_tradingview.TestTradingViewTechnicalAnalysis" name="test_tv_ta_eurusd_forex" time="0.046" /><testcase classname="backend.tests.test_iteration16_tradingview.TestTradingViewTechnicalAnalysis" name="test_tv_ta_reliance_indian" time="0.046" /><testcase classname="backend.tests.test_iteration16_tradingview.TestTradingViewTechnicalAnalysis" name="test_tv_ta_unknown_asset" time="0.002" /><testcase classname="backend.tests.test_iteration16_tradingview.TestTradingViewTechnicalAnalysis" name="test_tv_ta_rating_values" time="0.051" /><testcase classname="backend.tests.test_iteration16_tradingview.TestSignalGenerationWithTradingView" name="test_signal_generation_crypto_with_tv" time="12.108" /><testcase classname="backend.tests.test_iteration16_tradingview.TestSignalGenerationWithTradingView" name="test_signal_generation_forex_with_tv" time="7.105" /><testcase classname="backend.tests.test_iteration16_tradingview.TestSignalGenerationWithTradingView" name="test_signal_generation_indian_with_tv" time="7.797" /><testcase classname="backend.tests.test_iteration16_tradingview.TestSignalGenerationWithTradingView" name="test_signal_has_all_required_fields" time="6.324" /><testcase classname="backend.tests.test_iteration16_tradingview.TestExistingFeaturesStillWork" name="test_login_works" time="0.407" /><testcase classname="backend.tests.test_iteration16_tradingview.TestExistingFeaturesStillWork" name="test_market_live_works" time="0.112" /><testcase classname="backend.tests.test_iteration16_tradingview.TestExistingFeaturesStillWork" name="test_signals_list_works" time="0.117" /><testcase classname="backend.tests.test_iteration16_tradingview.TestExistingFeaturesStillWork" name="test_trading_modes_works" time="0.163" /><testcase classname="backend.tests.test_iteration16_tradingview.TestExistingFeaturesStillWork" name="test_strategies_works" time="0.097" /></testsuite></testsuites>