<?xml version="1.0" encoding="utf-8"?><testsuites name="pytest tests"><testsuite name="pytest" errors="0" failures="0" skipped="0" tests="11" time="11.907" timestamp="2026-03-26T08:21:18.717102+00:00" hostname="agent-env-78db531d-ee36-4b4c-abf7-f969a65c764e"><testcase classname="backend.tests.test_iteration14_bugfixes.TestLoginWithValidCredentials" name="test_admin1_login_success" time="1.302" /><testcase classname="backend.tests.test_iteration14_bugfixes.TestLoginWithValidCredentials" name="test_admin2_login_success" time="0.346" /><testcase classname="backend.tests.test_iteration14_bugfixes.TestRegisterAndLogin" name="test_register_new_user_and_login" time="0.676" /><testcase classname="backend.tests.test_iteration14_bugfixes.TestRateLimitingRelaxed" name="test_10_rapid_logins_not_rate_limited" time="3.536" /><testcase classname="backend.tests.test_iteration14_bugfixes.TestRateLimitingRelaxed" name="test_wrong_password_returns_401_not_429" time="0.104" /><testcase classname="backend.tests.test_iteration14_bugfixes.TestBruteForceProtectionRelaxed" name="test_brute_force_threshold_is_15" time="1.510" /><testcase classname="backend.tests.test_iteration14_bugfixes.TestMarketDataLive" name="test_market_live_returns_all_markets" time="0.107" /><testcase classname="backend.tests.test_iteration14_bugfixes.TestMarketDataLive" name="test_market_tick_increments_rapidly" time="3.246" /><testcase classname="backend.tests.test_iteration14_bugfixes.TestSecurityHeadersStillPresent" name="test_security_headers_present" time="0.097" /><testcase classname="backend.tests.test_iteration14_bugfixes.TestAdminEndpointsStillAccessible" name="test_admin1_can_access_admin_stats" time="0.431" /><testcase classname="backend.tests.test_iteration14_bugfixes.TestAdminEndpointsStillAccessible" name="test_admin2_can_access_admin_stats" time="0.476" /></testsuite></testsuites>