<?xml version="1.0" encoding="utf-8"?><testsuites name="pytest tests"><testsuite name="pytest" errors="0" failures="0" skipped="0" tests="11" time="8.152" timestamp="2026-03-24T23:01:29.106218+00:00" hostname="agent-env-c76b67c5-af04-4a31-8606-db0ff1fc7d4b"><testcase classname="backend.tests.test_ui_overhaul_iter10.TestHealthAndBasicEndpoints" name="test_market_live_endpoint" time="1.388" /><testcase classname="backend.tests.test_ui_overhaul_iter10.TestHealthAndBasicEndpoints" name="test_market_sentiment_endpoint" time="0.333" /><testcase classname="backend.tests.test_ui_overhaul_iter10.TestAuthentication" name="test_admin_login" time="0.376" /><testcase classname="backend.tests.test_ui_overhaul_iter10.TestAuthentication" name="test_test_user_login" time="0.331" /><testcase classname="backend.tests.test_ui_overhaul_iter10.TestPlanAssignmentWithEmail" name="test_plan_assignment_sends_email" time="1.649" /><testcase classname="backend.tests.test_ui_overhaul_iter10.TestPlanAssignmentWithEmail" name="test_plan_assignment_returns_plan_details" time="1.399" /><testcase classname="backend.tests.test_ui_overhaul_iter10.TestSignalsEndpoint" name="test_get_signals" time="0.499" /><testcase classname="backend.tests.test_ui_overhaul_iter10.TestSignalsEndpoint" name="test_get_strategies" time="0.522" /><testcase classname="backend.tests.test_ui_overhaul_iter10.TestJournalEndpoint" name="test_get_journal" time="0.455" /><testcase classname="backend.tests.test_ui_overhaul_iter10.TestJournalEndpoint" name="test_get_journal_stats" time="0.545" /><testcase classname="backend.tests.test_ui_overhaul_iter10.TestUserPlanEndpoint" name="test_get_user_plan" time="0.503" /></testsuite></testsuites>