<?xml version="1.0" encoding="utf-8"?><testsuites name="pytest tests"><testsuite name="pytest" errors="0" failures="0" skipped="0" tests="28" time="44.190" timestamp="2026-03-26T15:55:44.197782+00:00" hostname="agent-env-78db531d-ee36-4b4c-abf7-f969a65c764e"><testcase classname="backend.tests.test_iteration17_stock_analysis.TestStockList" name="test_stock_list_returns_stocks" time="0.325" /><testcase classname="backend.tests.test_iteration17_stock_analysis.TestStockList" name="test_stock_list_has_40_stocks" time="0.138" /><testcase classname="backend.tests.test_iteration17_stock_analysis.TestStockList" name="test_stock_list_has_sectors" time="0.108" /><testcase classname="backend.tests.test_iteration17_stock_analysis.TestStockList" name="test_stock_has_required_fields" time="0.172" /><testcase classname="backend.tests.test_iteration17_stock_analysis.TestStockAnalysis" name="test_reliance_analysis_returns_data" time="1.583" /><testcase classname="backend.tests.test_iteration17_stock_analysis.TestStockAnalysis" name="test_analysis_has_fundamentals" time="0.120" /><testcase classname="backend.tests.test_iteration17_stock_analysis.TestStockAnalysis" name="test_analysis_has_quarterly_results" time="0.167" /><testcase classname="backend.tests.test_iteration17_stock_analysis.TestStockAnalysis" name="test_analysis_has_annual_pl" time="0.121" /><testcase classname="backend.tests.test_iteration17_stock_analysis.TestStockAnalysis" name="test_analysis_has_balance_sheet" time="0.119" /><testcase classname="backend.tests.test_iteration17_stock_analysis.TestStockAnalysis" name="test_analysis_has_cash_flow" time="0.133" /><testcase classname="backend.tests.test_iteration17_stock_analysis.TestStockAnalysis" name="test_analysis_has_pros_cons" time="0.147" /><testcase classname="backend.tests.test_iteration17_stock_analysis.TestStockAnalysis" name="test_analysis_has_analyst_recommendations" time="0.115" /><testcase classname="backend.tests.test_iteration17_stock_analysis.TestStockAnalysis" name="test_analysis_has_shareholding" time="0.130" /><testcase classname="backend.tests.test_iteration17_stock_analysis.TestStockAnalysis" name="test_tcs_analysis" time="1.544" /><testcase classname="backend.tests.test_iteration17_stock_analysis.TestStockAnalysis" name="test_hdfcbank_analysis" time="1.535" /><testcase classname="backend.tests.test_iteration17_stock_analysis.TestStockPeers" name="test_reliance_peers_returns_energy_sector" time="0.358" /><testcase classname="backend.tests.test_iteration17_stock_analysis.TestStockPeers" name="test_tcs_peers_returns_it_sector" time="0.123" /><testcase classname="backend.tests.test_iteration17_stock_analysis.TestStockPeers" name="test_peer_has_required_fields" time="0.148" /><testcase classname="backend.tests.test_iteration17_stock_analysis.TestStockScreener" name="test_screener_no_filters" time="9.420" /><testcase classname="backend.tests.test_iteration17_stock_analysis.TestStockScreener" name="test_screener_pe_filter" time="6.831" /><testcase classname="backend.tests.test_iteration17_stock_analysis.TestStockScreener" name="test_screener_roe_filter" time="6.585" /><testcase classname="backend.tests.test_iteration17_stock_analysis.TestStockScreener" name="test_screener_combined_filters" time="6.614" /><testcase classname="backend.tests.test_iteration17_stock_analysis.TestStockScreener" name="test_screener_result_has_required_fields" time="6.728" /><testcase classname="backend.tests.test_iteration17_stock_analysis.TestScreenerPresets" name="test_presets_returns_7_presets" time="0.137" /><testcase classname="backend.tests.test_iteration17_stock_analysis.TestScreenerPresets" name="test_presets_have_required_fields" time="0.139" /><testcase classname="backend.tests.test_iteration17_stock_analysis.TestScreenerPresets" name="test_presets_include_buffett_graham" time="0.117" /><testcase classname="backend.tests.test_iteration17_stock_analysis.TestAuthAndExistingFeatures" name="test_login_still_works" time="0.327" /><testcase classname="backend.tests.test_iteration17_stock_analysis.TestAuthAndExistingFeatures" name="test_market_live_still_works" time="0.105" /></testsuite></testsuites>