<?xml version="1.0" encoding="utf-8"?><testsuites name="pytest tests"><testsuite name="pytest" errors="0" failures="0" skipped="0" tests="15" time="9.915" timestamp="2026-03-24T18:07:43.019413+00:00" hostname="agent-env-c76b67c5-af04-4a31-8606-db0ff1fc7d4b"><testcase classname="backend.tests.test_new_features_iter8.TestSetup" name="test_register_test_user" time="0.164" /><testcase classname="backend.tests.test_new_features_iter8.TestSetup" name="test_register_admin_user" time="0.062" /><testcase classname="backend.tests.test_new_features_iter8.TestSignalStrategies" name="test_get_strategies_returns_10" time="0.452" /><testcase classname="backend.tests.test_new_features_iter8.TestMultiTimeframeSignals" name="test_generate_multi_tf_signal" time="5.962" /><testcase classname="backend.tests.test_new_features_iter8.TestTradeJournal" name="test_get_journal_empty_or_list" time="0.505" /><testcase classname="backend.tests.test_new_features_iter8.TestTradeJournal" name="test_create_journal_entry" time="0.125" /><testcase classname="backend.tests.test_new_features_iter8.TestTradeJournal" name="test_update_journal_entry" time="0.132" /><testcase classname="backend.tests.test_new_features_iter8.TestTradeJournal" name="test_get_journal_stats" time="0.147" /><testcase classname="backend.tests.test_new_features_iter8.TestTradeJournal" name="test_delete_journal_entry" time="0.231" /><testcase classname="backend.tests.test_new_features_iter8.TestAdminPanel" name="test_admin_stats" time="0.469" /><testcase classname="backend.tests.test_new_features_iter8.TestAdminPanel" name="test_admin_users" time="0.123" /><testcase classname="backend.tests.test_new_features_iter8.TestAdminPanel" name="test_admin_system" time="0.126" /><testcase classname="backend.tests.test_new_features_iter8.TestAdminPanel" name="test_non_admin_gets_403" time="0.662" /><testcase classname="backend.tests.test_new_features_iter8.TestHealthAndBasics" name="test_api_health" time="0.130" /><testcase classname="backend.tests.test_new_features_iter8.TestHealthAndBasics" name="test_market_live_data" time="0.570" /></testsuite></testsuites>