<?xml version="1.0" encoding="utf-8"?><testsuites name="pytest tests"><testsuite name="pytest" errors="0" failures="1" skipped="0" tests="31" time="21.099" timestamp="2026-03-22T13:48:08.386283+00:00" hostname="agent-env-5029f1d5-52c1-4915-be25-7f3366810878"><testcase classname="backend.tests.test_signalbeast_api.TestHealthAndMarketData" name="test_market_live_returns_data" time="0.233"><failure message="AssertionError: Expected at least 20 crypto, got 0&#10;assert 0 &gt;= 20&#10; +  where 0 = len([])">backend/tests/test_signalbeast_api.py:45: in test_market_live_returns_data
    assert len(data['crypto']) &gt;= 20, f"Expected at least 20 crypto, got {len(data['crypto'])}"
E   AssertionError: Expected at least 20 crypto, got 0
E   assert 0 &gt;= 20
E    +  where 0 = len([])</failure></testcase><testcase classname="backend.tests.test_signalbeast_api.TestHealthAndMarketData" name="test_market_live_crypto_has_required_fields" time="0.190" /><testcase classname="backend.tests.test_signalbeast_api.TestHealthAndMarketData" name="test_market_live_forex_has_required_fields" time="0.112" /><testcase classname="backend.tests.test_signalbeast_api.TestHealthAndMarketData" name="test_market_live_indian_has_required_fields" time="0.151" /><testcase classname="backend.tests.test_signalbeast_api.TestHealthAndMarketData" name="test_market_sentiment" time="0.194" /><testcase classname="backend.tests.test_signalbeast_api.TestHealthAndMarketData" name="test_market_crypto_top" time="0.233" /><testcase classname="backend.tests.test_signalbeast_api.TestHealthAndMarketData" name="test_market_crypto_chart" time="0.188" /><testcase classname="backend.tests.test_signalbeast_api.TestAuthentication" name="test_register_new_user" time="0.348" /><testcase classname="backend.tests.test_signalbeast_api.TestAuthentication" name="test_register_duplicate_email_fails" time="0.107" /><testcase classname="backend.tests.test_signalbeast_api.TestAuthentication" name="test_login_with_valid_credentials" time="0.418" /><testcase classname="backend.tests.test_signalbeast_api.TestAuthentication" name="test_login_with_invalid_credentials" time="0.347" /><testcase classname="backend.tests.test_signalbeast_api.TestAuthentication" name="test_auth_me_without_token" time="0.108" /><testcase classname="backend.tests.test_signalbeast_api.TestAuthentication" name="test_auth_me_with_valid_token" time="0.464" /><testcase classname="backend.tests.test_signalbeast_api.TestPortfolio" name="test_add_holding" time="0.432" /><testcase classname="backend.tests.test_signalbeast_api.TestPortfolio" name="test_get_portfolio" time="0.455" /><testcase classname="backend.tests.test_signalbeast_api.TestPortfolio" name="test_get_portfolio_summary" time="0.425" /><testcase classname="backend.tests.test_signalbeast_api.TestPortfolio" name="test_delete_holding" time="0.639" /><testcase classname="backend.tests.test_signalbeast_api.TestAlerts" name="test_create_alert" time="0.475" /><testcase classname="backend.tests.test_signalbeast_api.TestAlerts" name="test_get_alerts" time="0.433" /><testcase classname="backend.tests.test_signalbeast_api.TestAlerts" name="test_delete_alert" time="0.638" /><testcase classname="backend.tests.test_signalbeast_api.TestNotifications" name="test_get_notifications" time="0.416" /><testcase classname="backend.tests.test_signalbeast_api.TestNotifications" name="test_get_unread_count" time="0.422" /><testcase classname="backend.tests.test_signalbeast_api.TestNotifications" name="test_mark_all_read" time="0.626" /><testcase classname="backend.tests.test_signalbeast_api.TestWatchlist" name="test_add_to_watchlist" time="0.456" /><testcase classname="backend.tests.test_signalbeast_api.TestWatchlist" name="test_get_watchlist" time="0.438" /><testcase classname="backend.tests.test_signalbeast_api.TestWatchlist" name="test_remove_from_watchlist" time="0.533" /><testcase classname="backend.tests.test_signalbeast_api.TestSignals" name="test_get_signals" time="0.424" /><testcase classname="backend.tests.test_signalbeast_api.TestSignals" name="test_generate_signal" time="2.626" /><testcase classname="backend.tests.test_signalbeast_api.TestChat" name="test_send_chat_message" time="3.759" /><testcase classname="backend.tests.test_signalbeast_api.TestForexData" name="test_forex_endpoint" time="1.201" /><testcase classname="backend.tests.test_signalbeast_api.TestIndianMarket" name="test_indian_endpoint" time="3.476" /></testsuite></testsuites>