<?xml version="1.0" encoding="utf-8"?><testsuites name="pytest tests"><testsuite name="pytest" errors="0" failures="0" skipped="0" tests="13" time="29.884" timestamp="2026-03-26T09:15:51.287756+00:00" hostname="agent-env-78db531d-ee36-4b4c-abf7-f969a65c764e"><testcase classname="backend.tests.test_iteration15_features.TestTradingModes" name="test_get_trading_modes_returns_4_modes" time="0.182" /><testcase classname="backend.tests.test_iteration15_features.TestSignalDeletion" name="test_delete_signal_success" time="6.290" /><testcase classname="backend.tests.test_iteration15_features.TestSignalDeletion" name="test_delete_nonexistent_signal_returns_404" time="0.572" /><testcase classname="backend.tests.test_iteration15_features.TestSignalDeletion" name="test_delete_signal_requires_auth" time="0.103" /><testcase classname="backend.tests.test_iteration15_features.TestSignalGenerationWithNewParams" name="test_generate_signal_with_trading_mode_scalping" time="6.524" /><testcase classname="backend.tests.test_iteration15_features.TestSignalGenerationWithNewParams" name="test_generate_signal_with_1_tp_level" time="6.789" /><testcase classname="backend.tests.test_iteration15_features.TestSignalGenerationWithNewParams" name="test_generate_signal_with_2_tp_levels" time="7.879" /><testcase classname="backend.tests.test_iteration15_features.TestTradeCloseEndpoint" name="test_close_position_no_position" time="0.632" /><testcase classname="backend.tests.test_iteration15_features.TestTradeCloseEndpoint" name="test_close_position_requires_auth" time="0.097" /><testcase classname="backend.tests.test_iteration15_features.TestSignalTPSLFields" name="test_signals_have_tp_sl_fields" time="0.444" /><testcase classname="backend.tests.test_iteration15_features.TestMarketLiveEndpoint" name="test_market_live_returns_data" time="0.095" /><testcase classname="backend.tests.test_iteration15_features.TestStrategiesEndpoint" name="test_get_strategies_for_crypto" time="0.102" /><testcase classname="backend.tests.test_iteration15_features.TestStrategiesEndpoint" name="test_get_strategies_for_forex" time="0.101" /></testsuite></testsuites>