<?xml version="1.0" encoding="utf-8"?><testsuites name="pytest tests"><testsuite name="pytest" errors="0" failures="0" skipped="0" tests="14" time="11.551" timestamp="2026-03-22T15:26:27.958421+00:00" hostname="agent-env-5029f1d5-52c1-4915-be25-7f3366810878"><testcase classname="backend.tests.test_market_hours.TestMarketStatus" name="test_market_live_returns_market_status" time="0.142" /><testcase classname="backend.tests.test_market_hours.TestMarketStatus" name="test_market_status_has_all_markets" time="0.099" /><testcase classname="backend.tests.test_market_hours.TestMarketStatus" name="test_crypto_always_open" time="0.095" /><testcase classname="backend.tests.test_market_hours.TestMarketStatus" name="test_forex_closed_on_sunday" time="0.115" /><testcase classname="backend.tests.test_market_hours.TestMarketStatus" name="test_indian_closed_on_sunday" time="0.118" /><testcase classname="backend.tests.test_market_hours.TestPriceStability" name="test_tick_counter_increases" time="3.214" /><testcase classname="backend.tests.test_market_hours.TestPriceStability" name="test_forex_prices_stable_when_closed" time="3.256" /><testcase classname="backend.tests.test_market_hours.TestPriceStability" name="test_indian_prices_stable_when_closed" time="3.231" /><testcase classname="backend.tests.test_market_hours.TestMarketDataCounts" name="test_crypto_count" time="0.102" /><testcase classname="backend.tests.test_market_hours.TestMarketDataCounts" name="test_forex_count" time="0.119" /><testcase classname="backend.tests.test_market_hours.TestMarketDataCounts" name="test_indian_count" time="0.118" /><testcase classname="backend.tests.test_market_hours.TestAuth" name="test_login_with_test_credentials" time="0.325" /><testcase classname="backend.tests.test_market_hours.TestAuth" name="test_auth_me_with_token" time="0.442" /><testcase classname="backend.tests.test_market_hours.TestGainersLosers" name="test_gainers_losers_fields_present" time="0.104" /></testsuite></testsuites>