<?xml version="1.0" encoding="utf-8"?><testsuites name="pytest tests"><testsuite name="pytest" errors="0" failures="0" skipped="0" tests="18" time="13.073" timestamp="2026-03-23T02:29:22.843316+00:00" hostname="agent-env-5029f1d5-52c1-4915-be25-7f3366810878"><testcase classname="backend.tests.test_oanda_kraken_integration.TestOANDAForexIntegration" name="test_forex_returns_20_pairs" time="0.281" /><testcase classname="backend.tests.test_oanda_kraken_integration.TestOANDAForexIntegration" name="test_forex_has_bid_ask_spread" time="0.102" /><testcase classname="backend.tests.test_oanda_kraken_integration.TestOANDAForexIntegration" name="test_forex_has_category_badges" time="0.133" /><testcase classname="backend.tests.test_oanda_kraken_integration.TestOANDAForexIntegration" name="test_gold_silver_in_forex" time="0.144" /><testcase classname="backend.tests.test_oanda_kraken_integration.TestOANDAForexIntegration" name="test_cross_pairs_present" time="0.120" /><testcase classname="backend.tests.test_oanda_kraken_integration.TestOANDAForexIntegration" name="test_forex_prices_update" time="6.248" /><testcase classname="backend.tests.test_oanda_kraken_integration.TestKrakenCryptoIntegration" name="test_crypto_returns_19_pairs" time="0.104" /><testcase classname="backend.tests.test_oanda_kraken_integration.TestKrakenCryptoIntegration" name="test_crypto_has_real_prices" time="0.154" /><testcase classname="backend.tests.test_oanda_kraken_integration.TestKrakenCryptoIntegration" name="test_crypto_has_required_fields" time="0.108" /><testcase classname="backend.tests.test_oanda_kraken_integration.TestChartEndpoints" name="test_forex_chart_eurusd" time="0.275" /><testcase classname="backend.tests.test_oanda_kraken_integration.TestChartEndpoints" name="test_forex_chart_gold" time="0.239" /><testcase classname="backend.tests.test_oanda_kraken_integration.TestChartEndpoints" name="test_crypto_chart_bitcoin" time="0.334" /><testcase classname="backend.tests.test_oanda_kraken_integration.TestSignalGeneration" name="test_signal_has_trade_logic_and_reason" time="2.925" /><testcase classname="backend.tests.test_oanda_kraken_integration.TestDashboardData" name="test_tracked_assets_count" time="0.107" /><testcase classname="backend.tests.test_oanda_kraken_integration.TestAuthAndOtherPages" name="test_login_works" time="0.348" /><testcase classname="backend.tests.test_oanda_kraken_integration.TestAuthAndOtherPages" name="test_alerts_endpoint" time="0.456" /><testcase classname="backend.tests.test_oanda_kraken_integration.TestAuthAndOtherPages" name="test_notifications_endpoint" time="0.454" /><testcase classname="backend.tests.test_oanda_kraken_integration.TestAuthAndOtherPages" name="test_portfolio_endpoint" time="0.455" /></testsuite></testsuites>