<?xml version="1.0" encoding="utf-8"?><testsuites name="pytest tests"><testsuite name="pytest" errors="0" failures="0" skipped="0" tests="21" time="31.665" timestamp="2026-03-22T16:00:44.087900+00:00" hostname="agent-env-5029f1d5-52c1-4915-be25-7f3366810878"><testcase classname="backend.tests.test_cryptocompare_integration.TestCryptoCompareIntegration" name="test_market_live_returns_25_crypto" time="5.367" /><testcase classname="backend.tests.test_cryptocompare_integration.TestCryptoCompareIntegration" name="test_crypto_has_required_fields" time="0.109" /><testcase classname="backend.tests.test_cryptocompare_integration.TestCryptoCompareIntegration" name="test_crypto_images_from_cryptocompare" time="0.098" /><testcase classname="backend.tests.test_cryptocompare_integration.TestRealTimeUpdates" name="test_tick_increases_between_polls" time="3.214" /><testcase classname="backend.tests.test_cryptocompare_integration.TestRealTimeUpdates" name="test_crypto_prices_have_micro_movements" time="3.241" /><testcase classname="backend.tests.test_cryptocompare_integration.TestRealTimeUpdates" name="test_forex_prices_stable_when_closed" time="3.205" /><testcase classname="backend.tests.test_cryptocompare_integration.TestRealTimeUpdates" name="test_indian_prices_stable_when_closed" time="3.229" /><testcase classname="backend.tests.test_cryptocompare_integration.TestChartEndpoints" name="test_btc_chart_7d" time="0.625" /><testcase classname="backend.tests.test_cryptocompare_integration.TestChartEndpoints" name="test_chart_crypto_candles" time="0.308" /><testcase classname="backend.tests.test_cryptocompare_integration.TestMarketStatus" name="test_market_status_present" time="0.115" /><testcase classname="backend.tests.test_cryptocompare_integration.TestMarketStatus" name="test_crypto_always_24_7" time="0.100" /><testcase classname="backend.tests.test_cryptocompare_integration.TestMarketStatus" name="test_forex_closed_on_sunday" time="0.100" /><testcase classname="backend.tests.test_cryptocompare_integration.TestMarketStatus" name="test_indian_closed_on_sunday" time="0.118" /><testcase classname="backend.tests.test_cryptocompare_integration.TestGainersLosers" name="test_gainers_losers_present" time="0.100" /><testcase classname="backend.tests.test_cryptocompare_integration.TestGainersLosers" name="test_losers_include_crypto" time="0.110" /><testcase classname="backend.tests.test_cryptocompare_integration.TestAuthentication" name="test_login_test_user" time="0.324" /><testcase classname="backend.tests.test_cryptocompare_integration.TestSignalGeneration" name="test_generate_signal_for_crypto" time="6.494" /><testcase classname="backend.tests.test_cryptocompare_integration.TestAlertsCRUD" name="test_create_alert" time="0.447" /><testcase classname="backend.tests.test_cryptocompare_integration.TestAlertsCRUD" name="test_get_alerts" time="0.434" /><testcase classname="backend.tests.test_cryptocompare_integration.TestNotifications" name="test_get_unread_count" time="0.437" /><testcase classname="backend.tests.test_cryptocompare_integration.TestBeastAIChat" name="test_chat_endpoint" time="3.388" /></testsuite></testsuites>