<?xml version="1.0" encoding="utf-8"?><testsuites name="pytest tests"><testsuite name="pytest" errors="0" failures="0" skipped="0" tests="12" time="1.585" timestamp="2026-03-24T23:29:34.979803+00:00" hostname="agent-env-78db531d-ee36-4b4c-abf7-f969a65c764e"><testcase classname="backend.tests.test_new_features_iter11.TestPlanBasedFeatureGating" name="test_get_user_plan_returns_limits_and_features" time="0.729" /><testcase classname="backend.tests.test_new_features_iter11.TestPlanBasedFeatureGating" name="test_get_plan_usage_returns_correct_structure" time="0.050" /><testcase classname="backend.tests.test_new_features_iter11.TestCommunityAndLeaderboard" name="test_community_stats_returns_correct_fields" time="0.053" /><testcase classname="backend.tests.test_new_features_iter11.TestCommunityAndLeaderboard" name="test_leaderboard_returns_array" time="0.051" /><testcase classname="backend.tests.test_new_features_iter11.TestCommunityAndLeaderboard" name="test_my_community_stats_returns_badges_and_rank" time="0.055" /><testcase classname="backend.tests.test_new_features_iter11.TestTradeExecution" name="test_trade_account_returns_balance_info" time="0.163" /><testcase classname="backend.tests.test_new_features_iter11.TestTradeExecution" name="test_trade_positions_returns_array" time="0.142" /><testcase classname="backend.tests.test_new_features_iter11.TestTradeExecution" name="test_trade_history_returns_user_trades" time="0.056" /><testcase classname="backend.tests.test_new_features_iter11.TestSEO" name="test_sitemap_returns_valid_xml" time="0.058" /><testcase classname="backend.tests.test_new_features_iter11.TestSignalPlanGating" name="test_signals_endpoint_works" time="0.047" /><testcase classname="backend.tests.test_new_features_iter11.TestSignalPlanGating" name="test_strategies_endpoint_returns_all_strategies" time="0.044" /><testcase classname="backend.tests.test_new_features_iter11.TestNavigationAndPages" name="test_market_live_endpoint" time="0.044" /></testsuite></testsuites>