<?xml version="1.0" encoding="utf-8"?><testsuites name="pytest tests"><testsuite name="pytest" errors="0" failures="0" skipped="2" tests="13" time="3.793" timestamp="2026-03-25T12:25:06.865710+00:00" hostname="agent-env-78db531d-ee36-4b4c-abf7-f969a65c764e"><testcase classname="backend.tests.test_iteration13_security.TestDualAdminAccess" name="test_admin1_login_success" time="0.464" /><testcase classname="backend.tests.test_iteration13_security.TestDualAdminAccess" name="test_admin2_login_success" time="0.346" /><testcase classname="backend.tests.test_iteration13_security.TestDualAdminAccess" name="test_admin1_can_access_admin_stats" time="0.458" /><testcase classname="backend.tests.test_iteration13_security.TestDualAdminAccess" name="test_admin2_can_access_admin_stats" time="0.492" /><testcase classname="backend.tests.test_iteration13_security.TestDualAdminAccess" name="test_non_admin_cannot_access_admin_stats" time="0.441" /><testcase classname="backend.tests.test_iteration13_security.TestSecurityHeaders" name="test_security_headers_present" time="0.133" /><testcase classname="backend.tests.test_iteration13_security.TestSecurityHeaders" name="test_permissions_policy_header" time="0.105" /><testcase classname="backend.tests.test_iteration13_security.TestInputValidation" name="test_register_invalid_email_format" time="0.138" /><testcase classname="backend.tests.test_iteration13_security.TestInputValidation" name="test_register_short_password" time="0.104" /><testcase classname="backend.tests.test_iteration13_security.TestBruteForceProtection" name="test_brute_force_lockout" time="0.652" /><testcase classname="backend.tests.test_iteration13_security.TestRateLimiting" name="test_login_rate_limit_exists" time="0.154" /><testcase classname="backend.tests.test_iteration13_security.TestRateLimiting" name="test_signal_generate_rate_limit_exists" time="0.108"><skipped type="pytest.skip" message="Could not login to test signal rate limit">/app/backend/tests/test_iteration13_security.py:246: Could not login to test signal rate limit</skipped></testcase><testcase classname="backend.tests.test_iteration13_security.TestEnhancedAIPrompt" name="test_signal_generation_works" time="0.131"><skipped type="pytest.skip" message="Could not login">/app/backend/tests/test_iteration13_security.py:279: Could not login</skipped></testcase></testsuite></testsuites>