<?xml version="1.0" encoding="utf-8"?><testsuites name="pytest tests"><testsuite name="pytest" errors="0" failures="0" skipped="0" tests="16" time="16.783" timestamp="2026-03-25T00:11:56.049397+00:00" hostname="agent-env-78db531d-ee36-4b4c-abf7-f969a65c764e"><testcase classname="backend.tests.test_iteration12_features.TestExpandedStrategies" name="test_forex_strategies_count" time="0.615" /><testcase classname="backend.tests.test_iteration12_features.TestExpandedStrategies" name="test_forex_strategies_include_ict_smc" time="0.167" /><testcase classname="backend.tests.test_iteration12_features.TestExpandedStrategies" name="test_crypto_strategies_count" time="0.109" /><testcase classname="backend.tests.test_iteration12_features.TestExpandedStrategies" name="test_crypto_strategies_include_onchain_whale" time="0.145" /><testcase classname="backend.tests.test_iteration12_features.TestExpandedStrategies" name="test_strategy_has_name_and_description" time="0.148" /><testcase classname="backend.tests.test_iteration12_features.TestTwoFactorAuth" name="test_2fa_status" time="0.117" /><testcase classname="backend.tests.test_iteration12_features.TestTwoFactorAuth" name="test_2fa_setup_returns_qr_and_secret" time="0.183" /><testcase classname="backend.tests.test_iteration12_features.TestTwoFactorAuth" name="test_2fa_verify_invalid_code" time="0.585" /><testcase classname="backend.tests.test_iteration12_features.TestCustomStrategies" name="test_get_custom_strategies" time="0.126" /><testcase classname="backend.tests.test_iteration12_features.TestCustomStrategies" name="test_create_custom_strategy" time="0.137" /><testcase classname="backend.tests.test_iteration12_features.TestCustomStrategies" name="test_delete_custom_strategy" time="0.347" /><testcase classname="backend.tests.test_iteration12_features.TestSignalGeneration" name="test_signal_with_combo_strategies" time="5.405" /><testcase classname="backend.tests.test_iteration12_features.TestSignalGeneration" name="test_signal_with_custom_rr_ratio" time="4.522" /><testcase classname="backend.tests.test_iteration12_features.TestTimeframes" name="test_all_timeframes_available" time="3.686" /><testcase classname="backend.tests.test_iteration12_features.TestMarketLive" name="test_market_live_returns_all_markets" time="0.167" /><testcase classname="backend.tests.test_iteration12_features.TestCleanup" name="test_cleanup_test_strategies" time="0.247" /></testsuite></testsuites>