<?xml version="1.0" encoding="utf-8"?><testsuites name="pytest tests"><testsuite name="pytest" errors="0" failures="0" skipped="0" tests="31" time="20.562" timestamp="2026-03-22T14:01:57.591195+00:00" hostname="agent-env-5029f1d5-52c1-4915-be25-7f3366810878"><testcase classname="backend.tests.test_signalbeast_api.TestHealthAndMarketData" name="test_market_live_returns_data" time="0.169" /><testcase classname="backend.tests.test_signalbeast_api.TestHealthAndMarketData" name="test_market_live_crypto_has_required_fields" time="0.111" /><testcase classname="backend.tests.test_signalbeast_api.TestHealthAndMarketData" name="test_market_live_forex_has_required_fields" time="0.112" /><testcase classname="backend.tests.test_signalbeast_api.TestHealthAndMarketData" name="test_market_live_indian_has_required_fields" time="0.365" /><testcase classname="backend.tests.test_signalbeast_api.TestHealthAndMarketData" name="test_market_sentiment" time="0.144" /><testcase classname="backend.tests.test_signalbeast_api.TestHealthAndMarketData" name="test_market_crypto_top" time="0.201" /><testcase classname="backend.tests.test_signalbeast_api.TestHealthAndMarketData" name="test_market_crypto_chart" time="0.137" /><testcase classname="backend.tests.test_signalbeast_api.TestAuthentication" name="test_register_new_user" time="0.355" /><testcase classname="backend.tests.test_signalbeast_api.TestAuthentication" name="test_register_duplicate_email_fails" time="0.124" /><testcase classname="backend.tests.test_signalbeast_api.TestAuthentication" name="test_login_with_valid_credentials" time="0.318" /><testcase classname="backend.tests.test_signalbeast_api.TestAuthentication" name="test_login_with_invalid_credentials" time="0.328" /><testcase classname="backend.tests.test_signalbeast_api.TestAuthentication" name="test_auth_me_without_token" time="0.149" /><testcase classname="backend.tests.test_signalbeast_api.TestAuthentication" name="test_auth_me_with_valid_token" time="0.439" /><testcase classname="backend.tests.test_signalbeast_api.TestPortfolio" name="test_add_holding" time="0.427" /><testcase classname="backend.tests.test_signalbeast_api.TestPortfolio" name="test_get_portfolio" time="0.426" /><testcase classname="backend.tests.test_signalbeast_api.TestPortfolio" name="test_get_portfolio_summary" time="0.464" /><testcase classname="backend.tests.test_signalbeast_api.TestPortfolio" name="test_delete_holding" time="0.881" /><testcase classname="backend.tests.test_signalbeast_api.TestAlerts" name="test_create_alert" time="0.502" /><testcase classname="backend.tests.test_signalbeast_api.TestAlerts" name="test_get_alerts" time="0.822" /><testcase classname="backend.tests.test_signalbeast_api.TestAlerts" name="test_delete_alert" time="0.741" /><testcase classname="backend.tests.test_signalbeast_api.TestNotifications" name="test_get_notifications" time="0.453" /><testcase classname="backend.tests.test_signalbeast_api.TestNotifications" name="test_get_unread_count" time="0.449" /><testcase classname="backend.tests.test_signalbeast_api.TestNotifications" name="test_mark_all_read" time="0.419" /><testcase classname="backend.tests.test_signalbeast_api.TestWatchlist" name="test_add_to_watchlist" time="0.440" /><testcase classname="backend.tests.test_signalbeast_api.TestWatchlist" name="test_get_watchlist" time="0.433" /><testcase classname="backend.tests.test_signalbeast_api.TestWatchlist" name="test_remove_from_watchlist" time="0.542" /><testcase classname="backend.tests.test_signalbeast_api.TestSignals" name="test_get_signals" time="0.457" /><testcase classname="backend.tests.test_signalbeast_api.TestSignals" name="test_generate_signal" time="2.424" /><testcase classname="backend.tests.test_signalbeast_api.TestChat" name="test_send_chat_message" time="2.239" /><testcase classname="backend.tests.test_signalbeast_api.TestForexData" name="test_forex_endpoint" time="1.212" /><testcase classname="backend.tests.test_signalbeast_api.TestIndianMarket" name="test_indian_endpoint" time="4.154" /></testsuite></testsuites>